app/build/intermediates/manifest_merge_blame_file/debug/manifest-merger-blame-debug-report.txt
1<?xml version="1.0" encoding="utf-8"?>
2<manifest xmlns:android="http://schemas.android.com/apk/res/android"
3    package="com.example.bgctub_transport_tracker_studentapp"
4    android:versionCode="1"
5    android:versionName="1.0" >
6
7    <uses-sdk
8        android:minSdkVersion="16"
8-->src\main\AndroidManifest.xml
9        android:targetSdkVersion="29" />
9-->src\main\AndroidManifest.xml
10
11    <uses-permission android:name="android.permission.ACCESS_NETWORK_STATE" />
11-->src\main\AndroidManifest.xml:118:5-79
11-->src\main\AndroidManifest.xml:118:22-76
12    <uses-permission android:name="android.permission.ACCESS_FINE_LOCATION" />
12-->src\main\AndroidManifest.xml:119:5-79
12-->src\main\AndroidManifest.xml:119:22-76
13    <uses-permission android:name="android.permission.INTERNET" />
13-->src\main\AndroidManifest.xml:120:5-67
13-->src\main\AndroidManifest.xml:120:22-64
14    <uses-permission android:name="android.permission.FOREGROUND_SERVICE" />
14-->src\main\AndroidManifest.xml:121:5-76
14-->src\main\AndroidManifest.xml:121:22-74
15    <uses-permission android:name="com.google.android.providers.gsf.permission.READ_GSERVICES" />
15-->[com.google.firebase:firebase-perf:19.0.11] AndroidManifest.xml:12:5-98
15-->[com.google.firebase:firebase-perf:19.0.11] AndroidManifest.xml:12:22-95
16
17    <uses-feature
17-->[com.google.android.gms:play-services-maps:17.0.0] AndroidManifest.xml:26:5-28:35
18        android:glEsVersion="0x00020000"
18-->[com.google.android.gms:play-services-maps:17.0.0] AndroidManifest.xml:27:9-41
19        android:required="true" />
19-->[com.google.android.gms:play-services-maps:17.0.0] AndroidManifest.xml:28:9-32
20
21    <uses-permission android:name="android.permission.WAKE_LOCK" /> <!-- Required by older versions of Google Play services to create IID tokens -->
21-->[com.google.firebase:firebase-iid:21.0.1] AndroidManifest.xml:24:5-68
21-->[com.google.firebase:firebase-iid:21.0.1] AndroidManifest.xml:24:22-65
22    <uses-permission android:name="com.google.android.c2dm.permission.RECEIVE" />
22-->[com.google.firebase:firebase-iid:21.0.1] AndroidManifest.xml:26:5-82
22-->[com.google.firebase:firebase-iid:21.0.1] AndroidManifest.xml:26:22-79
23    <uses-permission android:name="com.google.android.finsky.permission.BIND_GET_INSTALL_REFERRER_SERVICE" />
23-->[com.google.android.gms:play-services-measurement:18.0.0] AndroidManifest.xml:26:5-110
23-->[com.google.android.gms:play-services-measurement:18.0.0] AndroidManifest.xml:26:22-107
24
25    <application
25-->src\main\AndroidManifest.xml:5:5-117:19
26        android:name="androidx.multidex.MultiDexApplication"
27        android:allowBackup="true"
27-->src\main\AndroidManifest.xml:6:9-35
28        android:appComponentFactory="androidx.core.app.CoreComponentFactory"
28-->[androidx.core:core:1.3.1] AndroidManifest.xml:24:18-86
29        android:debuggable="true"
30        android:icon="@mipmap/ic_launcher"
30-->src\main\AndroidManifest.xml:7:9-43
31        android:label="@string/app_name"
31-->src\main\AndroidManifest.xml:8:9-41
32        android:roundIcon="@mipmap/ic_launcher_round"
32-->src\main\AndroidManifest.xml:9:9-54
33        android:supportsRtl="true"
33-->src\main\AndroidManifest.xml:10:9-35
34        android:testOnly="true"
35        android:theme="@style/Theme.BGCTUB_Transport_Tracker_StudentApp" >
35-->src\main\AndroidManifest.xml:11:9-73
36
37        <!--
38             The API key for Google Maps-based APIs is defined as a string resource.
39             (See the file "res/values/google_maps_api.xml").
40             Note that the API key is linked to the encryption key used to sign the APK.
41             You need a different API key for each encryption key, including the release key that is used to
42             sign the APK for publishing.
43             You can define the keys for the debug and release targets in src/debug/ and src/release/.
44        -->
45        <activity
45-->src\main\AndroidManifest.xml:22:9-25:61
46            android:name="com.example.bgctub_transport_tracker_studentapp.MapsActivityAllVehicle"
46-->src\main\AndroidManifest.xml:23:13-51
47            android:label="@string/title_activity_maps_all_vehicle"
47-->src\main\AndroidManifest.xml:24:13-68
48            android:parentActivityName="com.example.bgctub_transport_tracker_studentapp.AppMainActivity" />
48-->src\main\AndroidManifest.xml:25:13-58
49        <activity
49-->src\main\AndroidManifest.xml:26:9-29:74
50            android:name="com.example.bgctub_transport_tracker_studentapp.MapsActivity"
50-->src\main\AndroidManifest.xml:27:13-41
51            android:label="@string/title_activity_maps"
51-->src\main\AndroidManifest.xml:28:13-56
52            android:parentActivityName="com.example.bgctub_transport_tracker_studentapp.TransportInfoDetailsActivity" />
52-->src\main\AndroidManifest.xml:29:13-71
53        <!--
54             The API key for Google Maps-based APIs is defined as a string resource.
55             (See the file "res/values/google_maps_api.xml").
56             Note that the API key is linked to the encryption key used to sign the APK.
57             You need a different API key for each encryption key, including the release key that is used to
58             sign the APK for publishing.
59             You can define the keys for the debug and release targets in src/debug/ and src/release/.
60        -->
61
62        <activity
62-->src\main\AndroidManifest.xml:40:9-42:58
63            android:name="com.example.bgctub_transport_tracker_studentapp.HelpActivity"
63-->src\main\AndroidManifest.xml:40:19-47
64            android:label="@string/help_activity_title"
64-->src\main\AndroidManifest.xml:42:13-56
65            android:parentActivityName="com.example.bgctub_transport_tracker_studentapp.SigninActivity" />
65-->src\main\AndroidManifest.xml:41:13-57
66        <activity
66-->src\main\AndroidManifest.xml:43:9-47:61
67            android:name="com.example.bgctub_transport_tracker_studentapp.TransportInfoDetailsActivity"
67-->src\main\AndroidManifest.xml:44:13-57
68            android:label="@string/trans_info_details_activity_title"
68-->src\main\AndroidManifest.xml:45:13-70
69            android:launchMode="singleTop"
69-->src\main\AndroidManifest.xml:46:13-43
70            android:parentActivityName="com.example.bgctub_transport_tracker_studentapp.AppMainActivity" />
70-->src\main\AndroidManifest.xml:47:13-58
71        <activity
71-->src\main\AndroidManifest.xml:48:9-51:61
72            android:name="com.example.bgctub_transport_tracker_studentapp.ProfileUpdateActivity"
72-->src\main\AndroidManifest.xml:49:13-50
73            android:label="@string/ProfileUpdateActivityTitle"
73-->src\main\AndroidManifest.xml:50:13-63
74            android:parentActivityName="com.example.bgctub_transport_tracker_studentapp.AppMainActivity" />
74-->src\main\AndroidManifest.xml:51:13-58
75        <activity
75-->src\main\AndroidManifest.xml:52:9-55:62
76            android:name="com.example.bgctub_transport_tracker_studentapp.DeleteAccountActivity"
76-->src\main\AndroidManifest.xml:53:13-50
77            android:label="@string/DeleteAccountActivityTitle"
77-->src\main\AndroidManifest.xml:54:13-63
78            android:parentActivityName="com.example.bgctub_transport_tracker_studentapp.SettingsActivity" />
78-->src\main\AndroidManifest.xml:55:13-59
79        <activity
79-->src\main\AndroidManifest.xml:56:9-59:62
80            android:name="com.example.bgctub_transport_tracker_studentapp.ChangePasswordActivity"
80-->src\main\AndroidManifest.xml:57:13-51
81            android:label="@string/changePassActivityTitle"
81-->src\main\AndroidManifest.xml:58:13-60
82            android:parentActivityName="com.example.bgctub_transport_tracker_studentapp.SettingsActivity" />
82-->src\main\AndroidManifest.xml:59:13-59
83        <activity
83-->src\main\AndroidManifest.xml:60:9-63:61
84            android:name="com.example.bgctub_transport_tracker_studentapp.NewsAndUpdateActivity"
84-->src\main\AndroidManifest.xml:61:13-50
85            android:label="@string/newsAndUpdateTitle"
85-->src\main\AndroidManifest.xml:62:13-55
86            android:parentActivityName="com.example.bgctub_transport_tracker_studentapp.AppMainActivity" />
86-->src\main\AndroidManifest.xml:63:13-58
87        <activity
87-->src\main\AndroidManifest.xml:64:9-68:61
88            android:name="com.example.bgctub_transport_tracker_studentapp.SettingsActivity"
88-->src\main\AndroidManifest.xml:65:13-45
89            android:label="@string/activity_settings_title"
89-->src\main\AndroidManifest.xml:66:13-60
90            android:launchMode="singleTop"
90-->src\main\AndroidManifest.xml:67:13-43
91            android:parentActivityName="com.example.bgctub_transport_tracker_studentapp.AppMainActivity" />
91-->src\main\AndroidManifest.xml:68:13-58
92        <activity
92-->src\main\AndroidManifest.xml:69:9-73:92
93            android:name="com.example.bgctub_transport_tracker_studentapp.AppMainActivity"
93-->src\main\AndroidManifest.xml:70:13-44
94            android:label="@string/title_activity_app_main"
94-->src\main\AndroidManifest.xml:71:13-60
95            android:launchMode="singleTop"
95-->src\main\AndroidManifest.xml:72:13-43
96            android:theme="@style/Theme.BGCTUB_Transport_Tracker_StudentApp.NoActionBar" />
96-->src\main\AndroidManifest.xml:73:13-89
97        <activity
97-->src\main\AndroidManifest.xml:74:9-77:60
98            android:name="com.example.bgctub_transport_tracker_studentapp.ForgetPasswordActivity"
98-->src\main\AndroidManifest.xml:75:13-51
99            android:label="@string/forgetPassActivityTitle"
99-->src\main\AndroidManifest.xml:76:13-60
100            android:parentActivityName="com.example.bgctub_transport_tracker_studentapp.SigninActivity" />
100-->src\main\AndroidManifest.xml:77:13-57
101        <activity
101-->src\main\AndroidManifest.xml:78:9-81:60
102            android:name="com.example.bgctub_transport_tracker_studentapp.SignupActivity"
102-->src\main\AndroidManifest.xml:79:13-43
103            android:label="@string/signupActivityTitle"
103-->src\main\AndroidManifest.xml:80:13-56
104            android:parentActivityName="com.example.bgctub_transport_tracker_studentapp.SigninActivity" />
104-->src\main\AndroidManifest.xml:81:13-57
105        <activity
105-->src\main\AndroidManifest.xml:82:9-85:46
106            android:name="com.example.bgctub_transport_tracker_studentapp.SigninActivity"
106-->src\main\AndroidManifest.xml:83:13-43
107            android:label="@string/signinActivityTitle"
107-->src\main\AndroidManifest.xml:84:13-56
108            android:launchMode="singleTop" />
108-->src\main\AndroidManifest.xml:85:13-43
109        <activity
109-->src\main\AndroidManifest.xml:86:9-88:57
110            android:name="com.example.bgctub_transport_tracker_studentapp.TipsActivity"
110-->src\main\AndroidManifest.xml:87:13-41
111            android:label="@string/tipsActivitytitle" />
111-->src\main\AndroidManifest.xml:88:13-54
112        <activity
112-->src\main\AndroidManifest.xml:89:9-98:20
113            android:name="com.example.bgctub_transport_tracker_studentapp.MainActivity"
113-->src\main\AndroidManifest.xml:90:13-41
114            android:screenOrientation="portrait"
114-->src\main\AndroidManifest.xml:91:13-49
115            android:theme="@style/Theme.AppCompat.Light.NoActionBar.FullScreen" >
115-->src\main\AndroidManifest.xml:92:13-80
116            <intent-filter>
116-->src\main\AndroidManifest.xml:93:13-97:29
117                <action android:name="android.intent.action.MAIN" />
117-->src\main\AndroidManifest.xml:94:17-69
117-->src\main\AndroidManifest.xml:94:25-66
118
119                <category android:name="android.intent.category.LAUNCHER" />
119-->src\main\AndroidManifest.xml:96:17-77
119-->src\main\AndroidManifest.xml:96:27-74
120            </intent-filter>
121        </activity>
122
123        <meta-data
123-->src\main\AndroidManifest.xml:100:9-102:55
124            android:name="com.google.android.geo.API_KEY"
124-->src\main\AndroidManifest.xml:101:13-58
125            android:value="@string/google_maps_key" />
125-->src\main\AndroidManifest.xml:102:13-52
126        <meta-data
126-->src\main\AndroidManifest.xml:103:9-105:36
127            android:name="android.webkit.WebView.EnableSafeBrowsing"
127-->src\main\AndroidManifest.xml:104:13-69
128            android:value="true" />
128-->src\main\AndroidManifest.xml:105:13-33
129
130        <service
130-->src\main\AndroidManifest.xml:107:9-110:39
131            android:name="com.example.bgctub_transport_tracker_studentapp.services.BuildNotificationService"
131-->src\main\AndroidManifest.xml:108:13-62
132            android:enabled="true"
132-->src\main\AndroidManifest.xml:109:13-35
133            android:exported="true" />
133-->src\main\AndroidManifest.xml:110:13-36
134        <service android:name="com.example.bgctub_transport_tracker_studentapp.services.MyFirebaseMessageService" >
134-->src\main\AndroidManifest.xml:112:9-116:19
134-->src\main\AndroidManifest.xml:112:18-67
135            <intent-filter>
135-->src\main\AndroidManifest.xml:113:13-115:29
136                <action android:name="com.google.firebase.MESSAGING_EVENT" />
136-->src\main\AndroidManifest.xml:114:17-77
136-->src\main\AndroidManifest.xml:114:25-75
137            </intent-filter>
138        </service>
139        <service
139-->[com.google.firebase:firebase-inappmessaging-display:19.1.3] AndroidManifest.xml:15:9-21:19
140            android:name="com.google.firebase.components.ComponentDiscoveryService"
140-->[com.google.firebase:firebase-inappmessaging-display:19.1.3] AndroidManifest.xml:16:13-84
141            android:directBootAware="true"
141-->[com.google.firebase:firebase-common:19.5.0] AndroidManifest.xml:35:13-43
142            android:exported="false" >
142-->[com.google.firebase:firebase-inappmessaging-display:19.1.3] AndroidManifest.xml:17:13-37
143            <meta-data
143-->[com.google.firebase:firebase-inappmessaging-display:19.1.3] AndroidManifest.xml:18:13-20:85
144                android:name="com.google.firebase.components:com.google.firebase.inappmessaging.display.FirebaseInAppMessagingDisplayRegistrar"
144-->[com.google.firebase:firebase-inappmessaging-display:19.1.3] AndroidManifest.xml:19:17-144
145                android:value="com.google.firebase.components.ComponentRegistrar" />
145-->[com.google.firebase:firebase-inappmessaging-display:19.1.3] AndroidManifest.xml:20:17-82
146            <meta-data
146-->[com.google.firebase:firebase-perf:19.0.11] AndroidManifest.xml:24:13-26:85
147                android:name="com.google.firebase.components:com.google.firebase.perf.FirebasePerfRegistrar"
147-->[com.google.firebase:firebase-perf:19.0.11] AndroidManifest.xml:25:17-109
148                android:value="com.google.firebase.components.ComponentRegistrar" />
148-->[com.google.firebase:firebase-perf:19.0.11] AndroidManifest.xml:26:17-82
149            <meta-data
149-->[com.google.firebase:firebase-auth:20.0.0] AndroidManifest.xml:85:13-87:85
150                android:name="com.google.firebase.components:com.google.firebase.auth.FirebaseAuthRegistrar"
150-->[com.google.firebase:firebase-auth:20.0.0] AndroidManifest.xml:86:17-109
151                android:value="com.google.firebase.components.ComponentRegistrar" />
151-->[com.google.firebase:firebase-auth:20.0.0] AndroidManifest.xml:87:17-82
152            <meta-data
152-->[com.google.firebase:firebase-database:19.5.1] AndroidManifest.xml:32:13-34:85
153                android:name="com.google.firebase.components:com.google.firebase.database.DatabaseRegistrar"
153-->[com.google.firebase:firebase-database:19.5.1] AndroidManifest.xml:33:17-109
154                android:value="com.google.firebase.components.ComponentRegistrar" />
154-->[com.google.firebase:firebase-database:19.5.1] AndroidManifest.xml:34:17-82
155            <meta-data
155-->[com.google.firebase:firebase-crashlytics:17.3.0] AndroidManifest.xml:18:13-20:85
156                android:name="com.google.firebase.components:com.google.firebase.crashlytics.CrashlyticsRegistrar"
156-->[com.google.firebase:firebase-crashlytics:17.3.0] AndroidManifest.xml:19:17-115
157                android:value="com.google.firebase.components.ComponentRegistrar" />
157-->[com.google.firebase:firebase-crashlytics:17.3.0] AndroidManifest.xml:20:17-82
158            <meta-data
158-->[com.google.firebase:firebase-messaging:21.0.1] AndroidManifest.xml:39:13-41:85
159                android:name="com.google.firebase.components:com.google.firebase.messaging.FirebaseMessagingRegistrar"
159-->[com.google.firebase:firebase-messaging:21.0.1] AndroidManifest.xml:40:17-119
160                android:value="com.google.firebase.components.ComponentRegistrar" />
160-->[com.google.firebase:firebase-messaging:21.0.1] AndroidManifest.xml:41:17-82
161            <meta-data
161-->[com.google.firebase:firebase-iid:21.0.1] AndroidManifest.xml:32:13-34:85
162                android:name="com.google.firebase.components:com.google.firebase.iid.Registrar"
162-->[com.google.firebase:firebase-iid:21.0.1] AndroidManifest.xml:33:17-96
163                android:value="com.google.firebase.components.ComponentRegistrar" />
163-->[com.google.firebase:firebase-iid:21.0.1] AndroidManifest.xml:34:17-82
164            <meta-data
164-->[com.google.android.gms:play-services-measurement-api:18.0.0] AndroidManifest.xml:30:13-32:85
165                android:name="com.google.firebase.components:com.google.firebase.analytics.connector.internal.AnalyticsConnectorRegistrar"
165-->[com.google.android.gms:play-services-measurement-api:18.0.0] AndroidManifest.xml:31:17-139
166                android:value="com.google.firebase.components.ComponentRegistrar" />
166-->[com.google.android.gms:play-services-measurement-api:18.0.0] AndroidManifest.xml:32:17-82
167            <meta-data
167-->[com.google.firebase:firebase-config:20.0.1] AndroidManifest.xml:32:13-34:85
168                android:name="com.google.firebase.components:com.google.firebase.remoteconfig.RemoteConfigRegistrar"
168-->[com.google.firebase:firebase-config:20.0.1] AndroidManifest.xml:33:17-117
169                android:value="com.google.firebase.components.ComponentRegistrar" />
169-->[com.google.firebase:firebase-config:20.0.1] AndroidManifest.xml:34:17-82
170            <meta-data
170-->[com.google.firebase:firebase-inappmessaging:19.1.3] AndroidManifest.xml:17:13-19:85
171                android:name="com.google.firebase.components:com.google.firebase.inappmessaging.FirebaseInAppMessagingRegistrar"
171-->[com.google.firebase:firebase-inappmessaging:19.1.3] AndroidManifest.xml:18:17-129
172                android:value="com.google.firebase.components.ComponentRegistrar" />
172-->[com.google.firebase:firebase-inappmessaging:19.1.3] AndroidManifest.xml:19:17-82
173            <meta-data
173-->[com.google.firebase:firebase-abt:20.0.0] AndroidManifest.xml:13:13-15:85
174                android:name="com.google.firebase.components:com.google.firebase.abt.component.AbtRegistrar"
174-->[com.google.firebase:firebase-abt:20.0.0] AndroidManifest.xml:14:17-109
175                android:value="com.google.firebase.components.ComponentRegistrar" />
175-->[com.google.firebase:firebase-abt:20.0.0] AndroidManifest.xml:15:17-82
176            <meta-data
176-->[com.google.firebase:firebase-installations:16.3.5] AndroidManifest.xml:18:13-20:85
177                android:name="com.google.firebase.components:com.google.firebase.installations.FirebaseInstallationsRegistrar"
177-->[com.google.firebase:firebase-installations:16.3.5] AndroidManifest.xml:19:17-127
178                android:value="com.google.firebase.components.ComponentRegistrar" />
178-->[com.google.firebase:firebase-installations:16.3.5] AndroidManifest.xml:20:17-82
179            <meta-data
179-->[com.google.firebase:firebase-datatransport:17.0.10] AndroidManifest.xml:28:13-30:85
180                android:name="com.google.firebase.components:com.google.firebase.datatransport.TransportRegistrar"
180-->[com.google.firebase:firebase-datatransport:17.0.10] AndroidManifest.xml:29:17-115
181                android:value="com.google.firebase.components.ComponentRegistrar" />
181-->[com.google.firebase:firebase-datatransport:17.0.10] AndroidManifest.xml:30:17-82
182            <!--
183                This registrar is not defined in the dynamic-module-support sdk itself to allow non-firebase
184                clients to use it as well, by defining this registrar in their own core/common library.
185            -->
186            <meta-data
186-->[com.google.firebase:firebase-common:19.5.0] AndroidManifest.xml:43:13-45:85
187                android:name="com.google.firebase.components:com.google.firebase.dynamicloading.DynamicLoadingRegistrar"
187-->[com.google.firebase:firebase-common:19.5.0] AndroidManifest.xml:44:17-121
188                android:value="com.google.firebase.components.ComponentRegistrar" />
188-->[com.google.firebase:firebase-common:19.5.0] AndroidManifest.xml:45:17-82
189        </service>
190
191        <provider
191-->[com.google.firebase:firebase-perf:19.0.11] AndroidManifest.xml:15:9-19:39
192            android:name="com.google.firebase.perf.provider.FirebasePerfProvider"
192-->[com.google.firebase:firebase-perf:19.0.11] AndroidManifest.xml:16:13-82
193            android:authorities="com.example.bgctub_transport_tracker_studentapp.firebaseperfprovider"
193-->[com.google.firebase:firebase-perf:19.0.11] AndroidManifest.xml:17:13-72
194            android:exported="false"
194-->[com.google.firebase:firebase-perf:19.0.11] AndroidManifest.xml:18:13-37
195            android:initOrder="101" />
195-->[com.google.firebase:firebase-perf:19.0.11] AndroidManifest.xml:19:13-36
196
197        <activity
197-->[com.google.firebase:firebase-auth:20.0.0] AndroidManifest.xml:27:9-34:50
198            android:name="com.google.firebase.auth.internal.FederatedSignInActivity"
198-->[com.google.firebase:firebase-auth:20.0.0] AndroidManifest.xml:28:13-85
199            android:excludeFromRecents="true"
199-->[com.google.firebase:firebase-auth:20.0.0] AndroidManifest.xml:29:13-46
200            android:exported="true"
200-->[com.google.firebase:firebase-auth:20.0.0] AndroidManifest.xml:30:13-36
201            android:launchMode="singleTask"
201-->[com.google.firebase:firebase-auth:20.0.0] AndroidManifest.xml:31:13-44
202            android:permission="com.google.firebase.auth.api.gms.permission.LAUNCH_FEDERATED_SIGN_IN"
202-->[com.google.firebase:firebase-auth:20.0.0] AndroidManifest.xml:32:13-102
203            android:theme="@android:style/Theme.Translucent.NoTitleBar" />
203-->[com.google.firebase:firebase-auth:20.0.0] AndroidManifest.xml:33:13-72
204        <activity
204-->[com.google.firebase:firebase-auth:20.0.0] AndroidManifest.xml:35:9-52:20
205            android:name="com.google.firebase.auth.internal.GenericIdpActivity"
205-->[com.google.firebase:firebase-auth:20.0.0] AndroidManifest.xml:36:13-80
206            android:excludeFromRecents="true"
206-->[com.google.firebase:firebase-auth:20.0.0] AndroidManifest.xml:37:13-46
207            android:exported="true"
207-->[com.google.firebase:firebase-auth:20.0.0] AndroidManifest.xml:38:13-36
208            android:launchMode="singleTask"
208-->[com.google.firebase:firebase-auth:20.0.0] AndroidManifest.xml:39:13-44
209            android:theme="@android:style/Theme.Translucent.NoTitleBar" >
209-->[com.google.firebase:firebase-auth:20.0.0] AndroidManifest.xml:40:13-72
210            <intent-filter>
210-->[com.google.firebase:firebase-auth:20.0.0] AndroidManifest.xml:41:13-51:29
211                <action android:name="android.intent.action.VIEW" />
211-->[com.google.firebase:firebase-auth:20.0.0] AndroidManifest.xml:42:17-69
211-->[com.google.firebase:firebase-auth:20.0.0] AndroidManifest.xml:42:25-66
212
213                <category android:name="android.intent.category.DEFAULT" />
213-->[com.google.firebase:firebase-auth:20.0.0] AndroidManifest.xml:44:17-76
213-->[com.google.firebase:firebase-auth:20.0.0] AndroidManifest.xml:44:27-73
214                <category android:name="android.intent.category.BROWSABLE" />
214-->[com.google.firebase:firebase-auth:20.0.0] AndroidManifest.xml:45:17-78
214-->[com.google.firebase:firebase-auth:20.0.0] AndroidManifest.xml:45:27-75
215
216                <data
216-->[com.google.firebase:firebase-auth:20.0.0] AndroidManifest.xml:47:17-50:51
217                    android:host="firebase.auth"
217-->[com.google.firebase:firebase-auth:20.0.0] AndroidManifest.xml:48:21-49
218                    android:path="/"
218-->[com.google.firebase:firebase-auth:20.0.0] AndroidManifest.xml:49:21-37
219                    android:scheme="genericidp" />
219-->[com.google.firebase:firebase-auth:20.0.0] AndroidManifest.xml:50:21-48
220            </intent-filter>
221        </activity>
222        <activity
222-->[com.google.firebase:firebase-auth:20.0.0] AndroidManifest.xml:53:9-70:20
223            android:name="com.google.firebase.auth.internal.RecaptchaActivity"
223-->[com.google.firebase:firebase-auth:20.0.0] AndroidManifest.xml:54:13-79
224            android:excludeFromRecents="true"
224-->[com.google.firebase:firebase-auth:20.0.0] AndroidManifest.xml:55:13-46
225            android:exported="true"
225-->[com.google.firebase:firebase-auth:20.0.0] AndroidManifest.xml:56:13-36
226            android:launchMode="singleTask"
226-->[com.google.firebase:firebase-auth:20.0.0] AndroidManifest.xml:57:13-44
227            android:theme="@android:style/Theme.Translucent.NoTitleBar" >
227-->[com.google.firebase:firebase-auth:20.0.0] AndroidManifest.xml:58:13-72
228            <intent-filter>
228-->[com.google.firebase:firebase-auth:20.0.0] AndroidManifest.xml:59:13-69:29
229                <action android:name="android.intent.action.VIEW" />
229-->[com.google.firebase:firebase-auth:20.0.0] AndroidManifest.xml:42:17-69
229-->[com.google.firebase:firebase-auth:20.0.0] AndroidManifest.xml:42:25-66
230
231                <category android:name="android.intent.category.DEFAULT" />
231-->[com.google.firebase:firebase-auth:20.0.0] AndroidManifest.xml:44:17-76
231-->[com.google.firebase:firebase-auth:20.0.0] AndroidManifest.xml:44:27-73
232                <category android:name="android.intent.category.BROWSABLE" />
232-->[com.google.firebase:firebase-auth:20.0.0] AndroidManifest.xml:45:17-78
232-->[com.google.firebase:firebase-auth:20.0.0] AndroidManifest.xml:45:27-75
233
234                <data
234-->[com.google.firebase:firebase-auth:20.0.0] AndroidManifest.xml:47:17-50:51
235                    android:host="firebase.auth"
235-->[com.google.firebase:firebase-auth:20.0.0] AndroidManifest.xml:48:21-49
236                    android:path="/"
236-->[com.google.firebase:firebase-auth:20.0.0] AndroidManifest.xml:49:21-37
237                    android:scheme="recaptcha" />
237-->[com.google.firebase:firebase-auth:20.0.0] AndroidManifest.xml:50:21-48
238            </intent-filter>
239        </activity>
240
241        <service
241-->[com.google.firebase:firebase-auth:20.0.0] AndroidManifest.xml:72:9-81:19
242            android:name="com.google.firebase.auth.api.fallback.service.FirebaseAuthFallbackService"
242-->[com.google.firebase:firebase-auth:20.0.0] AndroidManifest.xml:73:13-101
243            android:enabled="true"
243-->[com.google.firebase:firebase-auth:20.0.0] AndroidManifest.xml:74:13-35
244            android:exported="false" >
244-->[com.google.firebase:firebase-auth:20.0.0] AndroidManifest.xml:75:13-37
245            <intent-filter>
245-->[com.google.firebase:firebase-auth:20.0.0] AndroidManifest.xml:76:13-80:29
246                <action android:name="com.google.firebase.auth.api.gms.service.START" />
246-->[com.google.firebase:firebase-auth:20.0.0] AndroidManifest.xml:77:17-89
246-->[com.google.firebase:firebase-auth:20.0.0] AndroidManifest.xml:77:25-86
247
248                <category android:name="android.intent.category.DEFAULT" />
248-->[com.google.firebase:firebase-auth:20.0.0] AndroidManifest.xml:44:17-76
248-->[com.google.firebase:firebase-auth:20.0.0] AndroidManifest.xml:44:27-73
249            </intent-filter>
250        </service> <!-- Needs to be explicitly declared on P+ -->
251        <uses-library
251-->[com.google.android.gms:play-services-maps:17.0.0] AndroidManifest.xml:33:9-35:40
252            android:name="org.apache.http.legacy"
252-->[com.google.android.gms:play-services-maps:17.0.0] AndroidManifest.xml:34:13-50
253            android:required="false" />
253-->[com.google.android.gms:play-services-maps:17.0.0] AndroidManifest.xml:35:13-37
254        <!--
255             FirebaseMessagingService performs security checks at runtime,
256             but set to not exported to explicitly avoid allowing another app to call it.
257        -->
258        <service
258-->[com.google.firebase:firebase-messaging:21.0.1] AndroidManifest.xml:28:9-35:19
259            android:name="com.google.firebase.messaging.FirebaseMessagingService"
259-->[com.google.firebase:firebase-messaging:21.0.1] AndroidManifest.xml:29:13-82
260            android:directBootAware="true"
260-->[com.google.firebase:firebase-messaging:21.0.1] AndroidManifest.xml:30:13-43
261            android:exported="false" >
261-->[com.google.firebase:firebase-messaging:21.0.1] AndroidManifest.xml:31:13-37
262            <intent-filter android:priority="-500" >
262-->src\main\AndroidManifest.xml:113:13-115:29
263                <action android:name="com.google.firebase.MESSAGING_EVENT" />
263-->src\main\AndroidManifest.xml:114:17-77
263-->src\main\AndroidManifest.xml:114:25-75
264            </intent-filter>
265        </service>
266
267        <receiver
267-->[com.google.firebase:firebase-iid:21.0.1] AndroidManifest.xml:37:9-44:20
268            android:name="com.google.firebase.iid.FirebaseInstanceIdReceiver"
268-->[com.google.firebase:firebase-iid:21.0.1] AndroidManifest.xml:38:13-78